<?xml version="1.0" encoding="UTF-8"?>
<!-- Generated by org.testng.reporters.JUnitXMLReporter -->
<testsuite hostname="Edels-MacBook-Pro.local" failures="0" tests="3" name="Test" time="17.517" errors="0" timestamp="20 Mar 2021 15:04:55 GMT">
  <testcase classname="Booking.LoginAccount" name="allegiantLoginAccess" time="4.609"/>
  <testcase classname="Booking.SeachFlight" name="allegiantSearchFLight" time="8.862"/>
  <testcase classname="Booking.AppTest" name="shouldAnswerWithTrue" time="0.004"/>
</testsuite> <!-- Test -->
