<?xml version="1.0" encoding="UTF-8"?>
<testng-results total="3" passed="3" failed="0" skipped="0">
  <reporter-output>
  </reporter-output>
  <suite started-at="2021-03-20T15:04:37Z" name="Suite" finished-at="2021-03-20T15:04:55Z" duration-ms="17517">
    <groups>
    </groups>
    <test started-at="2021-03-20T15:04:37Z" name="Test" finished-at="2021-03-20T15:04:55Z" duration-ms="17517">
      <class name="Booking.AppTest">
        <test-method signature="shouldAnswerWithTrue()[pri:0, instance:Booking.AppTest@2449cff7]" started-at="2021-03-20T08:04:55Z" name="shouldAnswerWithTrue" finished-at="2021-03-20T08:04:55Z" duration-ms="4" status="PASS">
          <reporter-output>
          </reporter-output>
        </test-method> <!-- shouldAnswerWithTrue -->
      </class> <!-- Booking.AppTest -->
      <class name="Booking.SeachFlight">
        <test-method signature="allegiantSearchFLight()[pri:0, instance:Booking.SeachFlight@6d511b5f]" started-at="2021-03-20T08:04:46Z" name="allegiantSearchFLight" finished-at="2021-03-20T08:04:55Z" duration-ms="8862" status="PASS">
          <reporter-output>
          </reporter-output>
        </test-method> <!-- allegiantSearchFLight -->
      </class> <!-- Booking.SeachFlight -->
      <class name="Booking.LoginAccount">
        <test-method is-config="true" signature="initialize()[pri:0, instance:Booking.LoginAccount@42a9a63e]" started-at="2021-03-20T08:04:37Z" name="initialize" finished-at="2021-03-20T08:04:40Z" duration-ms="2202" status="PASS">
          <reporter-output>
          </reporter-output>
        </test-method> <!-- initialize -->
        <test-method is-config="true" signature="initialize()[pri:0, instance:Booking.SeachFlight@6d511b5f]" started-at="2021-03-20T08:04:40Z" name="initialize" finished-at="2021-03-20T08:04:41Z" duration-ms="1529" status="PASS">
          <reporter-output>
          </reporter-output>
        </test-method> <!-- initialize -->
        <test-method signature="allegiantLoginAccess()[pri:0, instance:Booking.LoginAccount@42a9a63e]" started-at="2021-03-20T08:04:41Z" name="allegiantLoginAccess" finished-at="2021-03-20T08:04:46Z" duration-ms="4609" status="PASS">
          <reporter-output>
          </reporter-output>
        </test-method> <!-- allegiantLoginAccess -->
        <test-method is-config="true" signature="teardown()[pri:0, instance:Booking.LoginAccount@42a9a63e]" started-at="2021-03-20T08:04:55Z" name="teardown" finished-at="2021-03-20T08:04:55Z" duration-ms="127" status="PASS">
          <reporter-output>
          </reporter-output>
        </test-method> <!-- teardown -->
        <test-method is-config="true" signature="teardown()[pri:0, instance:Booking.SeachFlight@6d511b5f]" started-at="2021-03-20T08:04:55Z" name="teardown" finished-at="2021-03-20T08:04:55Z" duration-ms="121" status="PASS">
          <reporter-output>
          </reporter-output>
        </test-method> <!-- teardown -->
      </class> <!-- Booking.LoginAccount -->
    </test> <!-- Test -->
  </suite> <!-- Suite -->
</testng-results>
